2022-12-11 21:21:50,578 INFO Введите максимальное число для загадывания: 
2022-12-11 21:21:55,373 INFO Пользователь ввел: 7
2022-12-11 21:21:55,373 INFO Корректное значение введенное пользователем: 7
2022-12-11 21:21:55,373 INFO Введите число попыток для отгадывания числа: 
2022-12-11 21:21:59,789 INFO Пользователь ввел: 3
2022-12-11 21:21:59,789 INFO Корректное значение введенное пользователем: 3
2022-12-11 21:21:59,789 INFO Угадайте загаданное число: 
2022-12-11 21:22:01,941 INFO Пользователь ввел: 4
2022-12-11 21:22:01,941 INFO Корректное значение введенное пользователем: 4
2022-12-11 21:22:01,941 INFO Попробуйте число меньше
2022-12-11 21:22:01,941 INFO Угадайте загаданное число: 
2022-12-11 21:22:03,469 INFO Пользователь ввел: 2
2022-12-11 21:22:03,469 INFO Корректное значение введенное пользователем: 2
2022-12-11 21:22:03,470 INFO Попробуйте число больше
2022-12-11 21:22:03,470 INFO Угадайте загаданное число: 
2022-12-11 21:22:04,405 INFO Пользователь ввел: 3
2022-12-11 21:22:04,405 INFO Корректное значение введенное пользователем: 3
2022-12-11 21:22:04,405 INFO Вы угадали! Это число3
2022-12-11 21:22:07,726 INFO Введите максимальное число для загадывания: 
2022-12-11 21:22:08,797 INFO Пользователь ввел: 10
2022-12-11 21:22:08,797 INFO Корректное значение введенное пользователем: 10
2022-12-11 21:22:08,797 INFO Введите число попыток для отгадывания числа: 
2022-12-11 21:22:10,405 INFO Пользователь ввел: 5
2022-12-11 21:22:10,405 INFO Корректное значение введенное пользователем: 5
2022-12-11 21:22:10,405 INFO Угадайте загаданное число: 
2022-12-11 21:22:11,205 INFO Пользователь ввел: 5
2022-12-11 21:22:11,205 INFO Корректное значение введенное пользователем: 5
2022-12-11 21:22:11,205 INFO Попробуйте число больше
2022-12-11 21:22:11,205 INFO Угадайте загаданное число: 
2022-12-11 21:22:13,277 INFO Пользователь ввел: 7
2022-12-11 21:22:13,277 INFO Корректное значение введенное пользователем: 7
2022-12-11 21:22:13,277 INFO Попробуйте число больше
2022-12-11 21:22:13,277 INFO Угадайте загаданное число: 
2022-12-11 21:22:14,532 INFO Пользователь ввел: 9
2022-12-11 21:22:14,533 INFO Корректное значение введенное пользователем: 9
2022-12-11 21:22:14,533 INFO Вы угадали! Это число9
2022-12-11 21:22:49,029 INFO Введите максимальное число для загадывания: 
2022-12-11 21:22:50,229 INFO Пользователь ввел: 7
2022-12-11 21:22:50,229 INFO Корректное значение введенное пользователем: 7
2022-12-11 21:22:50,229 INFO Введите число попыток для отгадывания числа: 
2022-12-11 21:22:50,685 INFO Пользователь ввел: 3
2022-12-11 21:22:50,685 INFO Корректное значение введенное пользователем: 3
2022-12-11 21:22:50,685 INFO Угадайте загаданное число: 
2022-12-11 21:22:51,253 INFO Пользователь ввел: 4
2022-12-11 21:22:51,253 INFO Корректное значение введенное пользователем: 4
2022-12-11 21:22:51,253 INFO Попробуйте число больше
2022-12-11 21:22:51,253 INFO Угадайте загаданное число: 
2022-12-11 21:22:53,541 INFO Пользователь ввел: 6
2022-12-11 21:22:53,541 INFO Корректное значение введенное пользователем: 6
2022-12-11 21:22:53,541 INFO Попробуйте число больше
2022-12-11 21:22:53,541 INFO Угадайте загаданное число: 
2022-12-11 21:22:54,781 INFO Пользователь ввел: 7
2022-12-11 21:22:54,781 INFO Корректное значение введенное пользователем: 7
2022-12-11 21:22:54,781 INFO Вы угадали! Это число7
